<?xml version='1.0' encoding='UTF-8' ?>
<testsuite name="com.example.dogglers.HorizontalListTests" tests="4" failures="0" errors="0" skipped="0" time="5.089" timestamp="2023-03-23T18:25:23" hostname="localhost">
  <properties>
    <property name="device" value="Pixel_6_API_29(AVD) - 10" />
    <property name="flavor" value="" />
    <property name="project" value=":app" />
  </properties>
  <testcase name="recycler_view_item_count" classname="com.example.dogglers.HorizontalListTests" time="0.937" />
  <testcase name="horizontal_scrolling" classname="com.example.dogglers.HorizontalListTests" time="0.592" />
  <testcase name="horizontal_scroll_content_at_last_position" classname="com.example.dogglers.HorizontalListTests" time="0.439" />
  <testcase name="horizontal_scroll_content_at_first_position" classname="com.example.dogglers.HorizontalListTests" time="0.591" />
</testsuite>